<?xml version="1.0" encoding="UTF-8"?>
<testng-results ignored="0" total="1" passed="1" failed="0" skipped="0">
  <reporter-output>
  </reporter-output>
  <suite started-at="2025-02-18T09:45:08 IST" name="Default suite" finished-at="2025-02-18T09:45:17 IST" duration-ms="8154">
    <groups>
    </groups>
    <test started-at="2025-02-18T09:45:08 IST" name="Default test" finished-at="2025-02-18T09:45:17 IST" duration-ms="8154">
      <class name="com.Vtiger.PracticeORG.TestNG.CreateOrgWithPhoneNumTest">
        <test-method is-config="true" signature="configBeforeSuite()[pri:0, instance:com.Vtiger.PracticeORG.TestNG.CreateOrgWithPhoneNumTest@49438269]" started-at="2025-02-18T09:45:08 IST" name="configBeforeSuite" finished-at="2025-02-18T09:45:08 IST" duration-ms="6" status="PASS">
          <reporter-output>
          </reporter-output>
        </test-method> <!-- configBeforeSuite -->
        <test-method is-config="true" signature="ConfigBeforeClass()[pri:0, instance:com.Vtiger.PracticeORG.TestNG.CreateOrgWithPhoneNumTest@49438269]" started-at="2025-02-18T09:45:08 IST" name="ConfigBeforeClass" finished-at="2025-02-18T09:45:10 IST" duration-ms="1752" status="PASS">
          <reporter-output>
          </reporter-output>
        </test-method> <!-- ConfigBeforeClass -->
        <test-method is-config="true" signature="ConfigBeforeMethod()[pri:0, instance:com.Vtiger.PracticeORG.TestNG.CreateOrgWithPhoneNumTest@49438269]" started-at="2025-02-18T09:45:10 IST" name="ConfigBeforeMethod" finished-at="2025-02-18T09:45:12 IST" duration-ms="1860" status="PASS">
          <reporter-output>
          </reporter-output>
        </test-method> <!-- ConfigBeforeMethod -->
        <test-method signature="createOrgWithPhoneNumTest()[pri:0, instance:com.Vtiger.PracticeORG.TestNG.CreateOrgWithPhoneNumTest@49438269]" started-at="2025-02-18T09:45:12 IST" name="createOrgWithPhoneNumTest" finished-at="2025-02-18T09:45:15 IST" duration-ms="2736" status="PASS">
          <reporter-output>
          </reporter-output>
        </test-method> <!-- createOrgWithPhoneNumTest -->
        <test-method is-config="true" signature="ConfigAfterMethod()[pri:0, instance:com.Vtiger.PracticeORG.TestNG.CreateOrgWithPhoneNumTest@49438269]" started-at="2025-02-18T09:45:15 IST" name="ConfigAfterMethod" finished-at="2025-02-18T09:45:17 IST" duration-ms="1697" status="FAIL">
          <exception class="org.openqa.selenium.StaleElementReferenceException">
            <message>
              <![CDATA[stale element reference: stale element not found
  (Session info: chrome=132.0.6834.197)
For documentation on this error, please visit: https://www.selenium.dev/documentation/webdriver/troubleshooting/errors#stale-element-reference-exception
Build info: version: '4.28.1', revision: '73f5ad48a2'
System info: os.name: 'Windows 11', os.arch: 'amd64', os.version: '10.0', java.version: '22.0.1'
Driver info: org.openqa.selenium.chrome.ChromeDriver
Command: [30d8aa37921bf0d8ef9ca469b8cf1585, clickElement {id=f.A503285161A3A1010CF0D28755F4EEB9.d.7CC993EB8FD56AF8AC41D5DA48A2CFF9.e.293}]
Capabilities {acceptInsecureCerts: false, browserName: chrome, browserVersion: 132.0.6834.197, chrome: {chromedriverVersion: 132.0.6834.159 (2d77d3fc445..., userDataDir: C:\Users\SANIKA~1\AppData\L...}, fedcm:accounts: true, goog:chromeOptions: {debuggerAddress: localhost:62309}, networkConnectionEnabled: false, pageLoadStrategy: normal, platformName: windows, proxy: Proxy(), se:cdp: ws://localhost:62309/devtoo..., se:cdpVersion: 132.0.6834.197, setWindowRect: true, strictFileInteractability: false, timeouts: {implicit: 0, pageLoad: 300000, script: 30000}, unhandledPromptBehavior: dismiss and notify, webauthn:extension:credBlob: true, webauthn:extension:largeBlob: true, webauthn:extension:minPinLength: true, webauthn:extension:prf: true, webauthn:virtualAuthenticators: true}
Element: [[ChromeDriver: chrome on windows (30d8aa37921bf0d8ef9ca469b8cf1585)] -> xpath: //img[@style='padding: 0px;padding-left:5px']]
Session ID: 30d8aa37921bf0d8ef9ca469b8cf1585]]>
            </message>
            <full-stacktrace>
              <![CDATA[org.openqa.selenium.StaleElementReferenceException: stale element reference: stale element not found
  (Session info: chrome=132.0.6834.197)
For documentation on this error, please visit: https://www.selenium.dev/documentation/webdriver/troubleshooting/errors#stale-element-reference-exception
Build info: version: '4.28.1', revision: '73f5ad48a2'
System info: os.name: 'Windows 11', os.arch: 'amd64', os.version: '10.0', java.version: '22.0.1'
Driver info: org.openqa.selenium.chrome.ChromeDriver
Command: [30d8aa37921bf0d8ef9ca469b8cf1585, clickElement {id=f.A503285161A3A1010CF0D28755F4EEB9.d.7CC993EB8FD56AF8AC41D5DA48A2CFF9.e.293}]
Capabilities {acceptInsecureCerts: false, browserName: chrome, browserVersion: 132.0.6834.197, chrome: {chromedriverVersion: 132.0.6834.159 (2d77d3fc445..., userDataDir: C:\Users\SANIKA~1\AppData\L...}, fedcm:accounts: true, goog:chromeOptions: {debuggerAddress: localhost:62309}, networkConnectionEnabled: false, pageLoadStrategy: normal, platformName: windows, proxy: Proxy(), se:cdp: ws://localhost:62309/devtoo..., se:cdpVersion: 132.0.6834.197, setWindowRect: true, strictFileInteractability: false, timeouts: {implicit: 0, pageLoad: 300000, script: 30000}, unhandledPromptBehavior: dismiss and notify, webauthn:extension:credBlob: true, webauthn:extension:largeBlob: true, webauthn:extension:minPinLength: true, webauthn:extension:prf: true, webauthn:virtualAuthenticators: true}
Element: [[ChromeDriver: chrome on windows (30d8aa37921bf0d8ef9ca469b8cf1585)] -> xpath: //img[@style='padding: 0px;padding-left:5px']]
Session ID: 30d8aa37921bf0d8ef9ca469b8cf1585
at java.base/jdk.internal.reflect.DirectConstructorHandleAccessor.newInstance(DirectConstructorHandleAccessor.java:62)
at java.base/java.lang.reflect.Constructor.newInstanceWithCaller(Constructor.java:502)
at java.base/java.lang.reflect.Constructor.newInstance(Constructor.java:486)
at org.openqa.selenium.remote.ErrorCodec.decode(ErrorCodec.java:167)
at org.openqa.selenium.remote.codec.w3c.W3CHttpResponseCodec.decode(W3CHttpResponseCodec.java:138)
at org.openqa.selenium.remote.codec.w3c.W3CHttpResponseCodec.decode(W3CHttpResponseCodec.java:50)
at org.openqa.selenium.remote.HttpCommandExecutor.execute(HttpCommandExecutor.java:215)
at org.openqa.selenium.remote.service.DriverCommandExecutor.invokeExecute(DriverCommandExecutor.java:216)
at org.openqa.selenium.remote.service.DriverCommandExecutor.execute(DriverCommandExecutor.java:174)
at org.openqa.selenium.remote.RemoteWebDriver.execute(RemoteWebDriver.java:545)
at org.openqa.selenium.remote.RemoteWebElement.execute(RemoteWebElement.java:223)
at org.openqa.selenium.remote.RemoteWebElement.click(RemoteWebElement.java:76)
at java.base/jdk.internal.reflect.DirectMethodHandleAccessor.invoke(DirectMethodHandleAccessor.java:103)
at java.base/java.lang.reflect.Method.invoke(Method.java:580)
at org.openqa.selenium.support.pagefactory.internal.LocatingElementHandler.invoke(LocatingElementHandler.java:51)
at jdk.proxy2/jdk.proxy2.$Proxy20.click(Unknown Source)
at com.Vtiger.ObjectRepository.HomePage.getLogout(HomePage.java:57)
at com.Vtiger.BaseClassUtility.BaseClassUtility.ConfigAfterMethod(BaseClassUtility.java:78)
at java.base/jdk.internal.reflect.DirectMethodHandleAccessor.invoke(DirectMethodHandleAccessor.java:103)
at java.base/java.lang.reflect.Method.invoke(Method.java:580)
at org.testng.internal.invokers.MethodInvocationHelper.invokeMethod(MethodInvocationHelper.java:141)
at org.testng.internal.invokers.MethodInvocationHelper.invokeMethodConsideringTimeout(MethodInvocationHelper.java:71)
at org.testng.internal.invokers.ConfigInvoker.invokeConfigurationMethod(ConfigInvoker.java:400)
at org.testng.internal.invokers.ConfigInvoker.invokeConfigurations(ConfigInvoker.java:333)
at org.testng.internal.invokers.TestInvoker.runConfigMethods(TestInvoker.java:833)
at org.testng.internal.invokers.TestInvoker.runAfterConfigurations(TestInvoker.java:802)
at org.testng.internal.invokers.TestInvoker.invokeMethod(TestInvoker.java:778)
at org.testng.internal.invokers.TestInvoker.invokeTestMethod(TestInvoker.java:230)
at org.testng.internal.invokers.MethodRunner.runInSequence(MethodRunner.java:63)
at org.testng.internal.invokers.TestInvoker$MethodInvocationAgent.invoke(TestInvoker.java:992)
at org.testng.internal.invokers.TestInvoker.invokeTestMethods(TestInvoker.java:203)
at org.testng.internal.invokers.TestMethodWorker.invokeTestMethods(TestMethodWorker.java:154)
at org.testng.internal.invokers.TestMethodWorker.run(TestMethodWorker.java:134)
at java.base/java.util.ArrayList.forEach(ArrayList.java:1597)
at org.testng.TestRunner.privateRun(TestRunner.java:739)
at org.testng.TestRunner.run(TestRunner.java:614)
at org.testng.SuiteRunner.runTest(SuiteRunner.java:421)
at org.testng.SuiteRunner.runSequentially(SuiteRunner.java:413)
at org.testng.SuiteRunner.privateRun(SuiteRunner.java:373)
at org.testng.SuiteRunner.run(SuiteRunner.java:312)
at org.testng.SuiteRunnerWorker.runSuite(SuiteRunnerWorker.java:52)
at org.testng.SuiteRunnerWorker.run(SuiteRunnerWorker.java:95)
at org.testng.TestNG.runSuitesSequentially(TestNG.java:1274)
at org.testng.TestNG.runSuitesLocally(TestNG.java:1208)
at org.testng.TestNG.runSuites(TestNG.java:1112)
at org.testng.TestNG.run(TestNG.java:1079)
at org.testng.remote.AbstractRemoteTestNG.run(AbstractRemoteTestNG.java:115)
at org.testng.remote.RemoteTestNG.initAndRun(RemoteTestNG.java:293)
at org.testng.remote.RemoteTestNG.main(RemoteTestNG.java:91)
]]>
            </full-stacktrace>
          </exception> <!-- org.openqa.selenium.StaleElementReferenceException -->
          <reporter-output>
          </reporter-output>
        </test-method> <!-- ConfigAfterMethod -->
        <test-method is-config="true" signature="ConfigAfterClass()[pri:0, instance:com.Vtiger.PracticeORG.TestNG.CreateOrgWithPhoneNumTest@49438269]" started-at="2025-02-18T09:45:17 IST" name="ConfigAfterClass" finished-at="2025-02-18T09:45:17 IST" duration-ms="86" status="PASS">
          <reporter-output>
          </reporter-output>
        </test-method> <!-- ConfigAfterClass -->
        <test-method is-config="true" signature="ConfigAfterSuite()[pri:0, instance:com.Vtiger.PracticeORG.TestNG.CreateOrgWithPhoneNumTest@49438269]" started-at="2025-02-18T09:45:17 IST" name="ConfigAfterSuite" finished-at="2025-02-18T09:45:17 IST" duration-ms="0" status="PASS">
          <reporter-output>
          </reporter-output>
        </test-method> <!-- ConfigAfterSuite -->
      </class> <!-- com.Vtiger.PracticeORG.TestNG.CreateOrgWithPhoneNumTest -->
    </test> <!-- Default test -->
  </suite> <!-- Default suite -->
</testng-results>
