<?xml version="1.0" encoding="UTF-8"?>
<!-- Generated by org.testng.reporters.JUnitXMLReporter -->
<testsuite ignored="2" hostname="LAPTOP-SJJG0JK4" failures="0" tests="4" name="Test" time="19.27" errors="0" timestamp="2025-02-12T16:51:09 IST">
  <testcase classname="com.CRM.Practice.Classes.PracticeForTestNG" name="sampleMethod1" time="0.023"/>
  <testcase classname="com.CRM.Practice.Classes.PracticeForTestNG" name="sampleMethod2" time="0.008"/>
  <testcase classname="com.CRM.Practice.Classes.PracticeForTestNG" name="sampleMethod3" time="0.0"/>
  <testcase classname="com.CRM.Practice.Classes.PracticeForTestNGSampleClass" name="sampleMethod6" time="0.003"/>
  <testcase classname="com.CRM.Practice.Classes.PracticeForTestNGSampleClass" name="sampleMethod4" time="0.0">
    <ignored/>
  </testcase> <!-- sampleMethod4 -->
  <testcase classname="com.CRM.Practice.Classes.PracticeForTestNGSampleClass" name="sampleMethod5" time="0.0">
    <ignored/>
  </testcase> <!-- sampleMethod5 -->
</testsuite> <!-- Test -->
