<?xml version="1.0" encoding="UTF-8"?>
<!-- Generated by org.testng.reporters.JUnitXMLReporter -->
<testsuite ignored="0" hostname="LAPTOP-SJJG0JK4" failures="0" tests="6" name="Test2" time="22.456" errors="0" timestamp="2025-02-12T16:16:23 IST">
  <testcase classname="com.CRM.Practice.Classes.PracticeForTestNGSampleClass" name="sampleMrthod4" time="0.008"/>
  <testcase classname="com.CRM.Practice.Classes.PracticeForTestNGSampleClass" name="sampleMrthod5" time="0.0">
    <skipped/>
  </testcase> <!-- sampleMrthod5 -->
  <testcase classname="com.CRM.Practice.Classes.PracticeForTestNGSampleClass" name="sampleMrthod6" time="0.0">
    <skipped/>
  </testcase> <!-- sampleMrthod6 -->
  <testcase classname="com.CRM.Practice.Classes.PracticeForTestNG" name="sampleMrthod1" time="0.004"/>
  <testcase classname="com.CRM.Practice.Classes.PracticeForTestNG" name="sampleMrthod2" time="0.0">
    <skipped/>
  </testcase> <!-- sampleMrthod2 -->
  <testcase classname="com.CRM.Practice.Classes.PracticeForTestNG" name="sampleMrthod3" time="0.0">
    <skipped/>
  </testcase> <!-- sampleMrthod3 -->
</testsuite> <!-- Test2 -->
